2022-12-15 22:51:53,294 -root -INFO -Romanov Roman  Romanovych, 21 years old 
2022-12-15 22:51:53,295 -root -INFO -Lyah Oleg  Dmytrovych, 21 years old 
2022-12-15 22:55:43,815 -root -INFO -Romanov Roman  Romanovych, 21 years old 
2022-12-15 22:55:43,815 -root -INFO -Lyah Oleg  Dmytrovych, 21 years old 
2022-12-15 23:02:46,030 -root -INFO -Romanov Roman  Romanovych, 21 years old 
2022-12-15 23:02:46,030 -root -INFO -Lyah Oleg  Dmytrovych, 21 years old 
2022-12-15 23:42:36,176 -root -INFO -Romanov Roman  Romanovych, 21 years old 
2022-12-15 23:42:36,176 -root -INFO -Lyah Oleg  Dmytrovych, 21 years old 
2022-12-15 23:43:20,801 -root -INFO -Romanov Roman  Romanovych, 21 years old 
2022-12-15 23:43:20,801 -root -INFO -Lyah Oleg  Dmytrovych, 21 years old 
2022-12-15 23:49:17,326 -root -INFO -Romanov Roman  Romanovych, 21 years old 
2022-12-15 23:49:17,326 -root -INFO -Lyah Oleg  Dmytrovych, 21 years old 
2022-12-15 23:50:57,073 -root -INFO -Romanov Roman  Romanovych, 21 years old 
2022-12-15 23:50:57,073 -root -INFO -Lyah Oleg  Dmytrovych, 21 years old 
2022-12-15 23:51:21,791 -root -INFO -Romanov Roman  Romanovych, 21 years old 
2022-12-15 23:51:21,792 -root -INFO -Lyah Oleg  Dmytrovych, 21 years old 
2022-12-15 23:51:21,792 -root -INFO -Lyah Oleg  Dmytrovych, 21 years old 
2022-12-15 23:51:21,792 -root -INFO -Lyah Oleg  Dmytrovych, 21 years old 
2022-12-15 23:51:21,792 -root -INFO -Lyah Oleg  Dmytrovych, 21 years old 
2022-12-15 23:51:32,989 -root -INFO -Romanov Roman  Romanovych, 21 years old 
2022-12-15 23:51:32,989 -root -INFO -Lyah Oleg  Dmytrovych, 21 years old 
2022-12-15 23:51:32,989 -root -INFO -Lyah Oleg  Dmytrovych, 21 years old 
2022-12-15 23:51:32,989 -root -INFO -Lyah Oleg  Dmytrovych, 21 years old 
2022-12-15 23:51:32,989 -root -INFO -Lyah Oleg  Dmytrovych, 21 years old 
2022-12-15 23:52:27,459 -root -INFO -Romanov Roman  Romanovych, 21 years old 
2022-12-15 23:52:27,459 -root -INFO -Lyah Oleg  Dmytrovych, 21 years old 
2022-12-15 23:52:27,459 -root -INFO -Lyah Oleg  Dmytrovych, 21 years old 
2022-12-15 23:52:27,459 -root -INFO -Lyah Oleg  Dmytrovych, 21 years old 
2022-12-15 23:52:27,460 -root -INFO -Lyah Oleg  Dmytrovych, 21 years old 
2022-12-15 23:52:42,785 -root -INFO -Romanov Roman  Romanovych, 21 years old 
2022-12-15 23:52:42,785 -root -INFO -Lyah Oleg  Dmytrovych, 21 years old 
2022-12-15 23:52:42,785 -root -INFO -Lyah Oleg  Dmytrovych, 21 years old 
2022-12-15 23:52:42,786 -root -INFO -Lyah Oleg  Dmytrovych, 21 years old 
2022-12-15 23:52:42,786 -root -INFO -Lyah Oleg  Dmytrovych, 21 years old 
2022-12-15 23:52:48,353 -root -INFO -Romanov Roman  Romanovych, 21 years old 
2022-12-15 23:52:48,353 -root -INFO -Lyah Oleg  Dmytrovych, 21 years old 
2022-12-15 23:52:48,353 -root -INFO -Lyah Oleg  Dmytrovych, 21 years old 
2022-12-15 23:52:48,353 -root -INFO -Lyah Oleg  Dmytrovych, 21 years old 
2022-12-15 23:52:48,353 -root -INFO -Lyah Oleg  Dmytrovych, 21 years old 
2022-12-15 23:53:01,027 -root -INFO -Romanov Roman  Romanovych, 21 years old 
2022-12-15 23:53:01,027 -root -INFO -Lyah Oleg  Dmytrovych, 21 years old 
2022-12-15 23:53:01,027 -root -INFO -Lyah Oleg  Dmytrovych, 21 years old 
2022-12-15 23:53:01,027 -root -INFO -Lyah Oleg  Dmytrovych, 21 years old 
2022-12-15 23:53:01,027 -root -INFO -Lyah Oleg  Dmytrovych, 21 years old 
2022-12-15 23:54:09,704 -root -INFO -Romanov Roman  Romanovych, 21 years old 
2022-12-15 23:54:09,705 -root -INFO -Lyah Oleg  Dmytrovych, 21 years old 
2022-12-15 23:54:09,705 -root -INFO -Lyah Oleg  Dmytrovych, 21 years old 
2022-12-15 23:54:09,705 -root -INFO -Lyah Oleg  Dmytrovych, 21 years old 
2022-12-15 23:54:09,705 -root -INFO -Lyah Oleg  Dmytrovych, 21 years old 
2022-12-15 23:54:21,821 -root -INFO -Romanov Roman  Romanovych, 21 years old 
2022-12-15 23:54:21,822 -root -INFO -Lyah Oleg  Dmytrovych, 21 years old 
2022-12-15 23:54:21,822 -root -INFO -Lyah Oleg  Dmytrovych, 21 years old 
2022-12-15 23:54:21,822 -root -INFO -Lyah Oleg  Dmytrovych, 21 years old 
2022-12-15 23:54:21,822 -root -INFO -Lyah Oleg  Dmytrovych, 21 years old 
2022-12-15 23:55:27,414 -root -INFO -Romanov Roman  Romanovych, 21 years old 
2022-12-15 23:55:27,415 -root -INFO -Lyah Oleg  Dmytrovych, 21 years old 
2022-12-15 23:55:27,415 -root -INFO -Lyah Oleg  Dmytrovych, 21 years old 
2022-12-15 23:55:27,415 -root -INFO -Lyah Oleg  Dmytrovych, 21 years old 
2022-12-15 23:55:27,415 -root -INFO -Lyah Oleg  Dmytrovych, 21 years old 
2022-12-15 23:55:27,415 -root -INFO -Lyah Oleg  Dmytrovych, 21 years old 
2022-12-15 23:55:27,415 -root -INFO -Lyah Oleg  Dmytrovych, 21 years old 
2022-12-15 23:55:27,415 -root -INFO -Lyah Oleg  Dmytrovych, 21 years old 
2022-12-15 23:55:27,415 -root -INFO -Lyah Oleg  Dmytrovych, 21 years old 
2022-12-15 23:55:27,415 -root -INFO -Lyah Oleg  Dmytrovych, 21 years old 
2022-12-16 00:00:18,468 -root -INFO -Romanov Roman  Romanovych, 21 years old 
2022-12-16 00:00:18,468 -root -INFO -Lyah Oleg  Dmytrovych, 21 years old 
2022-12-16 00:00:18,468 -root -INFO -Lyah Oleg  Dmytrovych, 21 years old 
2022-12-16 00:00:18,468 -root -INFO -Lyah Oleg  Dmytrovych, 21 years old 
2022-12-16 00:00:18,468 -root -INFO -Lyah Oleg  Dmytrovych, 21 years old 
2022-12-16 00:00:18,468 -root -INFO -Lyah Oleg  Dmytrovych, 21 years old 
2022-12-16 00:00:18,468 -root -INFO -Lyah Oleg  Dmytrovych, 21 years old 
2022-12-16 00:00:18,468 -root -INFO -Lyah Oleg  Dmytrovych, 21 years old 
2022-12-16 00:00:18,469 -root -INFO -Lyah Oleg  Dmytrovych, 21 years old 
2022-12-16 00:00:18,469 -root -INFO -Lyah Oleg  Dmytrovych, 21 years old 
2022-12-16 00:07:51,492 -root -INFO -Romanov Roman  Romanovych, 21 years old 
2022-12-16 00:07:51,493 -root -INFO -Lyah Oleg  Dmytrovych, 21 years old 
2022-12-16 00:07:51,493 -root -INFO -Lyah Oleg  Dmytrovych, 21 years old 
2022-12-16 00:07:51,493 -root -INFO -Lyah Oleg  Dmytrovych, 21 years old 
2022-12-16 00:07:51,493 -root -INFO -Lyah Oleg  Dmytrovych, 21 years old 
2022-12-16 00:07:51,493 -root -INFO -Lyah Oleg  Dmytrovych, 21 years old 
2022-12-16 00:07:51,493 -root -INFO -Lyah Oleg  Dmytrovych, 21 years old 
2022-12-16 00:07:51,493 -root -INFO -Lyah Oleg  Dmytrovych, 21 years old 
2022-12-16 00:07:51,493 -root -INFO -Lyah Oleg  Dmytrovych, 21 years old 
2022-12-16 00:07:51,493 -root -INFO -Lyah Oleg  Dmytrovych, 21 years old 
2022-12-16 00:08:12,457 -root -INFO -Romanov Roman  Romanovych, 21 years old 
2022-12-16 00:08:12,457 -root -INFO -Lyah Oleg  Dmytrovych, 21 years old 
2022-12-16 00:08:12,457 -root -INFO -Lyah Oleg  Dmytrovych, 21 years old 
2022-12-16 00:08:12,457 -root -INFO -Lyah Oleg  Dmytrovych, 21 years old 
2022-12-16 00:08:12,457 -root -INFO -Lyah Oleg  Dmytrovych, 21 years old 
2022-12-16 00:08:12,457 -root -INFO -Lyah Oleg  Dmytrovych, 21 years old 
2022-12-16 00:08:12,457 -root -INFO -Lyah Oleg  Dmytrovych, 21 years old 
2022-12-16 00:08:12,457 -root -INFO -Lyah Oleg  Dmytrovych, 21 years old 
2022-12-16 00:08:12,457 -root -INFO -Lyah Oleg  Dmytrovych, 21 years old 
2022-12-16 00:08:12,457 -root -INFO -Lyah Oleg  Dmytrovych, 21 years old 
2022-12-16 00:09:12,307 -root -INFO -Romanov Roman  Romanovych, 21 years old 
2022-12-16 00:09:12,307 -root -INFO -Lyah Oleg  Dmytrovych, 21 years old 
2022-12-16 00:09:12,307 -root -INFO -Lyah Oleg  Dmytrovych, 21 years old 
2022-12-16 00:09:12,307 -root -INFO -Lyah Oleg  Dmytrovych, 21 years old 
2022-12-16 00:09:12,307 -root -INFO -Lyah Oleg  Dmytrovych, 21 years old 
2022-12-16 00:09:12,307 -root -INFO -Lyah Oleg  Dmytrovych, 21 years old 
2022-12-16 00:09:12,307 -root -INFO -Lyah Oleg  Dmytrovych, 21 years old 
2022-12-16 00:09:12,307 -root -INFO -Lyah Oleg  Dmytrovych, 21 years old 
2022-12-16 00:09:12,307 -root -INFO -Lyah Oleg  Dmytrovych, 21 years old 
2022-12-16 00:09:12,307 -root -INFO -Lyah Oleg  Dmytrovych, 21 years old 
2022-12-16 00:15:36,728 -root -INFO -Romanov Roman  Romanovych, 21 years old 
2022-12-16 00:16:11,090 -root -INFO -Romanov Roman  Romanovych, 21 years old 
2022-12-16 00:16:11,090 -root -INFO -Lyah Oleg  Dmytrovych, 21 years old 
2022-12-16 00:16:11,090 -root -INFO -Lyah Oleg  Dmytrovych, 21 years old 
2022-12-16 00:16:11,090 -root -INFO -Lyah Oleg  Dmytrovych, 21 years old 
2022-12-16 00:16:11,090 -root -INFO -Lyah Oleg  Dmytrovych, 21 years old 
2022-12-16 00:16:11,090 -root -INFO -Lyah Oleg  Dmytrovych, 21 years old 
2022-12-16 00:16:11,090 -root -INFO -Lyah Oleg  Dmytrovych, 21 years old 
2022-12-16 00:16:11,090 -root -INFO -Lyah Oleg  Dmytrovych, 21 years old 
2022-12-16 00:16:11,090 -root -INFO -Lyah Oleg  Dmytrovych, 21 years old 
2022-12-16 00:16:11,090 -root -INFO -Lyah Oleg  Dmytrovych, 21 years old 
2022-12-16 00:16:25,509 -root -INFO -Romanov Roman  Romanovych, 21 years old 
2022-12-16 00:16:25,509 -root -INFO -Lyah Oleg  Dmytrovych, 21 years old 
2022-12-16 00:16:25,509 -root -INFO -Lyah Oleg  Dmytrovych, 21 years old 
2022-12-16 00:16:25,509 -root -INFO -Lyah Oleg  Dmytrovych, 21 years old 
2022-12-16 00:16:25,509 -root -INFO -Lyah Oleg  Dmytrovych, 21 years old 
2022-12-16 00:16:25,509 -root -INFO -Lyah Oleg  Dmytrovych, 21 years old 
2022-12-16 00:16:25,509 -root -INFO -Lyah Oleg  Dmytrovych, 21 years old 
2022-12-16 00:16:25,509 -root -INFO -Lyah Oleg  Dmytrovych, 21 years old 
2022-12-16 00:16:25,509 -root -INFO -Lyah Oleg  Dmytrovych, 21 years old 
2022-12-16 00:16:25,509 -root -INFO -Lyah Oleg  Dmytrovych, 21 years old 
2022-12-16 00:17:41,547 -root -INFO -Romanov Roman  Romanovych, 21 years old 
2022-12-16 00:17:41,547 -root -INFO -Lyah Oleg  Dmytrovych, 21 years old 
2022-12-16 00:17:41,547 -root -INFO -Lyah Oleg  Dmytrovych, 21 years old 
2022-12-16 00:18:04,802 -root -INFO -Romanov Roman  Romanovych, 21 years old 
2022-12-16 00:18:04,802 -root -INFO -Lyah Oleg  Dmytrovych, 21 years old 
2022-12-16 00:18:04,802 -root -INFO -Lyah Oleg  Dmytrovych, 21 years old 
2022-12-16 00:18:04,802 -root -INFO -Lyah Oleg  Dmytrovych, 21 years old 
2022-12-16 00:18:04,802 -root -INFO -Lyah Oleg  Dmytrovych, 21 years old 
2022-12-16 00:19:16,720 -root -INFO -Romanov Roman  Romanovych, 21 years old 
2022-12-16 00:19:16,720 -root -INFO -Lyah Oleg  Dmytrovych, 21 years old 
2022-12-16 00:19:16,720 -root -INFO -Lyah Oleg  Dmytrovych, 21 years old 
2022-12-16 00:19:16,720 -root -INFO -Lyah Oleg  Dmytrovych, 21 years old 
2022-12-16 00:19:16,720 -root -INFO -Lyah Oleg  Dmytrovych, 21 years old 
2022-12-16 00:19:34,813 -root -INFO -Romanov Roman  Romanovych, 21 years old 
2022-12-16 00:19:34,813 -root -INFO -Lyah Oleg  Dmytrovych, 21 years old 
2022-12-16 00:19:34,813 -root -INFO -Lyah Oleg  Dmytrovych, 21 years old 
2022-12-16 00:19:34,813 -root -INFO -Lyah Oleg  Dmytrovych, 21 years old 
2022-12-16 00:19:34,813 -root -INFO -Lyah Oleg  Dmytrovych, 21 years old 
2022-12-16 00:19:34,813 -root -INFO -Lyah Oleg  Dmytrovych, 21 years old 
2022-12-16 00:19:34,813 -root -INFO -Lyah Oleg  Dmytrovych, 21 years old 
2022-12-16 00:19:34,813 -root -INFO -Lyah Oleg  Dmytrovych, 21 years old 
2022-12-16 00:19:34,813 -root -INFO -Lyah Oleg  Dmytrovych, 21 years old 
2022-12-16 00:19:34,813 -root -INFO -Lyah Oleg  Dmytrovych, 21 years old 
2022-12-16 00:20:04,850 -root -INFO -Romanov Roman  Romanovych, 21 years old 
2022-12-16 00:20:04,850 -root -INFO -Lyah Oleg  Dmytrovych, 21 years old 
2022-12-16 00:20:04,850 -root -INFO -Lyah Oleg  Dmytrovych, 21 years old 
2022-12-16 00:20:04,850 -root -INFO -Lyah Oleg  Dmytrovych, 21 years old 
2022-12-16 00:20:04,850 -root -INFO -Lyah Oleg  Dmytrovych, 21 years old 
2022-12-16 00:20:04,850 -root -INFO -Lyah Oleg  Dmytrovych, 21 years old 
2022-12-16 00:20:04,850 -root -INFO -Lyah Oleg  Dmytrovych, 21 years old 
2022-12-16 00:20:04,850 -root -INFO -Lyah Oleg  Dmytrovych, 21 years old 
2022-12-16 00:20:04,850 -root -INFO -Lyah Oleg  Dmytrovych, 21 years old 
2022-12-16 00:20:04,850 -root -INFO -Lyah Oleg  Dmytrovych, 21 years old 
2022-12-16 00:23:30,621 -root -INFO -Romanov Roman  Romanovych, 21 years old 
2022-12-16 00:23:30,621 -root -INFO -Lyah Oleg  Dmytrovych, 21 years old 
2022-12-16 00:23:30,621 -root -INFO -Lyah Oleg  Dmytrovych, 21 years old 
2022-12-16 00:23:30,621 -root -INFO -Lyah Oleg  Dmytrovych, 21 years old 
2022-12-16 00:23:30,621 -root -INFO -Lyah Oleg  Dmytrovych, 21 years old 
2022-12-16 00:23:30,621 -root -INFO -Lyah Oleg  Dmytrovych, 21 years old 
2022-12-16 00:23:30,621 -root -INFO -Lyah Oleg  Dmytrovych, 21 years old 
2022-12-16 00:23:30,621 -root -INFO -Lyah Oleg  Dmytrovych, 21 years old 
2022-12-16 00:23:30,621 -root -INFO -Lyah Oleg  Dmytrovych, 21 years old 
2022-12-16 00:23:30,621 -root -INFO -Lyah Oleg  Dmytrovych, 21 years old 
2022-12-16 00:30:26,566 -root -INFO -Romanov Roman  Romanovych, 21 years old 
2022-12-16 00:30:55,743 -root -INFO -Romanov Roman  Romanovych, 21 years old 
2022-12-16 00:32:31,075 -root -INFO -Romanov Roman  Romanovych, 21 years old 
2022-12-16 00:32:46,936 -root -INFO -Romanov Roman  Romanovych, 21 years old 
2022-12-16 00:32:46,936 -root -INFO -Lyah Oleg  Dmytrovych, 21 years old 
2022-12-16 00:32:46,936 -root -INFO -Lyah Oleg  Dmytrovych, 21 years old 
2022-12-16 00:32:46,936 -root -INFO -Lyah Oleg  Dmytrovych, 21 years old 
2022-12-16 00:32:46,936 -root -INFO -Lyah Oleg  Dmytrovych, 21 years old 
2022-12-16 00:32:46,936 -root -INFO -Lyah Oleg  Dmytrovych, 21 years old 
2022-12-16 00:32:46,936 -root -INFO -Lyah Oleg  Dmytrovych, 21 years old 
2022-12-16 00:32:46,936 -root -INFO -Lyah Oleg  Dmytrovych, 21 years old 
2022-12-16 00:32:46,936 -root -INFO -Lyah Oleg  Dmytrovych, 21 years old 
2022-12-16 00:32:58,947 -root -INFO -Romanov Roman  Romanovych, 21 years old 
2022-12-16 00:32:58,947 -root -INFO -Lyah Oleg  Dmytrovych, 21 years old 
2022-12-16 00:32:58,947 -root -INFO -Lyah Oleg  Dmytrovych, 21 years old 
2022-12-16 00:32:58,947 -root -INFO -Lyah Oleg  Dmytrovych, 21 years old 
2022-12-16 00:32:58,947 -root -INFO -Lyah Oleg  Dmytrovych, 21 years old 
2022-12-16 00:32:58,948 -root -INFO -Lyah Oleg  Dmytrovych, 21 years old 
2022-12-16 00:32:58,948 -root -INFO -Lyah Oleg  Dmytrovych, 21 years old 
2022-12-16 00:32:58,948 -root -INFO -Lyah Oleg  Dmytrovych, 21 years old 
2022-12-16 00:32:58,948 -root -INFO -Lyah Oleg  Dmytrovych, 21 years old 
2022-12-16 00:32:58,948 -root -INFO -Lyah Oleg  Dmytrovych, 21 years old 
2022-12-16 00:33:04,392 -root -INFO -Romanov Roman  Romanovych, 21 years old 
2022-12-16 00:33:04,392 -root -INFO -Lyah Oleg  Dmytrovych, 21 years old 
2022-12-16 00:33:04,392 -root -INFO -Lyah Oleg  Dmytrovych, 21 years old 
2022-12-16 00:33:04,392 -root -INFO -Lyah Oleg  Dmytrovych, 21 years old 
2022-12-16 00:33:04,392 -root -INFO -Lyah Oleg  Dmytrovych, 21 years old 
2022-12-16 00:33:04,392 -root -INFO -Lyah Oleg  Dmytrovych, 21 years old 
2022-12-16 00:33:04,392 -root -INFO -Lyah Oleg  Dmytrovych, 21 years old 
2022-12-16 00:33:04,392 -root -INFO -Lyah Oleg  Dmytrovych, 21 years old 
2022-12-16 00:33:04,393 -root -INFO -Lyah Oleg  Dmytrovych, 21 years old 
2022-12-16 00:33:04,393 -root -INFO -Lyah Oleg  Dmytrovych, 21 years old 
2022-12-16 00:34:09,838 -root -INFO -Romanov Roman  Romanovych, 21 years old 
2022-12-16 00:34:09,838 -root -INFO -Lyah Oleg  Dmytrovych, 21 years old 
2022-12-16 00:34:09,838 -root -INFO -Lyah Oleg  Dmytrovych, 21 years old 
2022-12-16 00:34:09,838 -root -INFO -Lyah Oleg  Dmytrovych, 21 years old 
2022-12-16 00:34:09,838 -root -INFO -Lyah Oleg  Dmytrovych, 21 years old 
2022-12-16 00:34:09,838 -root -INFO -Lyah Oleg  Dmytrovych, 21 years old 
2022-12-16 00:34:09,838 -root -INFO -Lyah Oleg  Dmytrovych, 21 years old 
2022-12-16 00:34:09,838 -root -INFO -Lyah Oleg  Dmytrovych, 21 years old 
2022-12-16 00:34:09,838 -root -INFO -Lyah Oleg  Dmytrovych, 21 years old 
2022-12-16 00:34:09,838 -root -INFO -Lyah Oleg  Dmytrovych, 21 years old 
2022-12-16 00:36:22,939 -root -INFO -Romanov Roman  Romanovych, 21 years old 
2022-12-16 00:36:22,939 -root -INFO -Lyah Oleg  Dmytrovych, 21 years old 
2022-12-16 00:36:22,939 -root -INFO -Lyah Oleg  Dmytrovych, 21 years old 
2022-12-16 00:36:22,939 -root -INFO -Lyah Oleg  Dmytrovych, 21 years old 
2022-12-16 00:36:22,939 -root -INFO -Lyah Oleg  Dmytrovych, 21 years old 
2022-12-16 00:36:22,939 -root -INFO -Lyah Oleg  Dmytrovych, 21 years old 
2022-12-16 00:36:22,940 -root -INFO -Lyah Oleg  Dmytrovych, 21 years old 
2022-12-16 00:36:22,940 -root -INFO -Lyah Oleg  Dmytrovych, 21 years old 
2022-12-16 00:36:22,940 -root -INFO -Lyah Oleg  Dmytrovych, 21 years old 
2022-12-16 00:36:22,940 -root -INFO -Lyah Oleg  Dmytrovych, 21 years old 
2022-12-16 00:37:49,389 -root -INFO -Romanov Roman  Romanovych, 21 years old 
2022-12-16 00:37:49,389 -root -INFO -Lyah Oleg  Dmytrovych, 21 years old 
2022-12-16 00:37:49,389 -root -INFO -Lyah Oleg  Dmytrovych, 21 years old 
2022-12-16 00:37:49,389 -root -INFO -Lyah Oleg  Dmytrovych, 21 years old 
2022-12-16 00:37:49,389 -root -INFO -Lyah Oleg  Dmytrovych, 21 years old 
2022-12-16 00:37:49,389 -root -INFO -Lyah Oleg  Dmytrovych, 21 years old 
2022-12-16 00:37:49,389 -root -INFO -Lyah Oleg  Dmytrovych, 21 years old 
2022-12-16 00:37:49,390 -root -INFO -Lyah Oleg  Dmytrovych, 21 years old 
2022-12-16 00:37:49,390 -root -INFO -Lyah Oleg  Dmytrovych, 21 years old 
2022-12-16 00:37:49,390 -root -INFO -Lyah Oleg  Dmytrovych, 21 years old 
2022-12-16 00:47:20,049 -root -INFO -Romanov Roman  Romanovych, 21 years old 
2022-12-16 00:47:41,226 -root -INFO -Lyah Oleg  Dmytrovych, 21 years old 
2022-12-16 00:47:56,410 -root -INFO -Lyah Oleg  Dmytrovych, 21 years old 
2022-12-16 00:47:58,184 -root -INFO -Lyah Oleg  Dmytrovych, 21 years old 
2022-12-16 00:48:00,478 -root -INFO -Lyah Oleg  Dmytrovych, 21 years old 
2022-12-16 00:48:04,330 -root -INFO -Lyah Oleg  Dmytrovych, 21 years old 
2022-12-16 00:48:11,636 -root -INFO -Lyah Oleg  Dmytrovych, 21 years old 
2022-12-16 00:48:45,950 -root -INFO -Lyah Oleg  Dmytrovych, 21 years old 
2022-12-16 00:48:59,095 -root -INFO -Lyah Oleg  Dmytrovych, 21 years old 
2022-12-16 00:49:06,691 -root -INFO -Lyah Oleg  Dmytrovych, 21 years old 
2022-12-16 00:51:38,285 -root -INFO -Romanov Roman  Romanovych, 21 years old 
2022-12-16 00:51:38,285 -root -INFO -Lyah Oleg  Dmytrovych, 21 years old 
2022-12-16 00:51:38,285 -root -INFO -Lyah Oleg  Dmytrovych, 21 years old 
2022-12-16 00:51:38,285 -root -INFO -Lyah Oleg  Dmytrovych, 21 years old 
2022-12-16 00:51:38,285 -root -INFO -Lyah Oleg  Dmytrovych, 21 years old 
2022-12-16 00:51:38,285 -root -INFO -Lyah Oleg  Dmytrovych, 21 years old 
2022-12-16 00:51:38,285 -root -INFO -Lyah Oleg  Dmytrovych, 21 years old 
2022-12-16 00:51:38,285 -root -INFO -Lyah Oleg  Dmytrovych, 21 years old 
2022-12-16 00:51:38,286 -root -INFO -Lyah Oleg  Dmytrovych, 21 years old 
2022-12-16 00:51:38,286 -root -INFO -Lyah Oleg  Dmytrovych, 21 years old 
2022-12-16 00:52:18,130 -root -INFO -Romanov Roman  Romanovych, 21 years old 
2022-12-16 00:52:18,130 -root -INFO -Lyah Oleg  Dmytrovych, 21 years old 
2022-12-16 00:52:18,130 -root -INFO -Lyah Oleg  Dmytrovych, 21 years old 
2022-12-16 00:52:18,130 -root -INFO -Lyah Oleg  Dmytrovych, 21 years old 
2022-12-16 00:52:18,130 -root -INFO -Lyah Oleg  Dmytrovych, 21 years old 
2022-12-16 00:52:18,130 -root -INFO -Lyah Oleg  Dmytrovych, 21 years old 
2022-12-16 00:52:18,130 -root -INFO -Lyah Oleg  Dmytrovych, 21 years old 
2022-12-16 00:52:18,130 -root -INFO -Lyah Oleg  Dmytrovych, 21 years old 
2022-12-16 00:52:18,130 -root -INFO -Lyah Oleg  Dmytrovych, 21 years old 
2022-12-16 00:52:18,130 -root -INFO -Lyah Oleg  Dmytrovych, 21 years old 
2022-12-16 00:53:04,233 -root -INFO -Romanov Roman  Romanovych, 21 years old 
2022-12-16 00:53:04,233 -root -INFO -Lyah Oleg  Dmytrovych, 21 years old 
2022-12-16 00:53:04,233 -root -INFO -Lyah Oleg  Dmytrovych, 21 years old 
2022-12-16 00:53:04,234 -root -INFO -Lyah Oleg  Dmytrovych, 21 years old 
2022-12-16 00:53:04,234 -root -INFO -Lyah Oleg  Dmytrovych, 21 years old 
2022-12-16 00:53:04,234 -root -INFO -Lyah Oleg  Dmytrovych, 21 years old 
2022-12-16 00:53:04,234 -root -INFO -Lyah Oleg  Dmytrovych, 21 years old 
2022-12-16 00:53:04,234 -root -INFO -Lyah Oleg  Dmytrovych, 21 years old 
2022-12-16 00:53:04,234 -root -INFO -Lyah Oleg  Dmytrovych, 21 years old 
2022-12-16 00:53:04,234 -root -INFO -Lyah Oleg  Dmytrovych, 21 years old 
2022-12-16 00:55:48,948 -root -INFO -Romanov Roman  Romanovych, 21 years old 
2022-12-16 00:55:48,948 -root -INFO -Lyah Oleg  Dmytrovych, 21 years old 
2022-12-16 00:55:48,948 -root -INFO -Lyah Oleg  Dmytrovych, 21 years old 
2022-12-16 00:55:48,949 -root -INFO -Lyah Oleg  Dmytrovych, 21 years old 
2022-12-16 00:55:48,949 -root -INFO -Lyah Oleg  Dmytrovych, 21 years old 
2022-12-16 00:55:48,949 -root -INFO -Lyah Oleg  Dmytrovych, 21 years old 
2022-12-16 00:55:48,949 -root -INFO -Lyah Oleg  Dmytrovych, 21 years old 
2022-12-16 00:55:48,949 -root -INFO -Lyah Oleg  Dmytrovych, 21 years old 
2022-12-16 00:55:48,949 -root -INFO -Lyah Oleg  Dmytrovych, 21 years old 
2022-12-16 00:55:48,949 -root -INFO -Lyah Oleg  Dmytrovych, 21 years old 
2022-12-16 00:56:14,426 -root -INFO -Romanov Roman  Romanovych, 21 years old 
2022-12-16 00:56:14,427 -root -INFO -Lyah Oleg  Dmytrovych, 21 years old 
2022-12-16 00:56:14,427 -root -INFO -Lyah Oleg  Dmytrovych, 21 years old 
2022-12-16 00:56:14,427 -root -INFO -Lyah Oleg  Dmytrovych, 21 years old 
2022-12-16 00:56:14,427 -root -INFO -Lyah Oleg  Dmytrovych, 21 years old 
2022-12-16 00:56:14,427 -root -INFO -Lyah Oleg  Dmytrovych, 21 years old 
2022-12-16 00:56:14,427 -root -INFO -Lyah Oleg  Dmytrovych, 21 years old 
2022-12-16 00:56:14,427 -root -INFO -Lyah Oleg  Dmytrovych, 21 years old 
2022-12-16 00:56:14,427 -root -INFO -Lyah Oleg  Dmytrovych, 21 years old 
2022-12-16 00:56:14,427 -root -INFO -Lyah Oleg  Dmytrovych, 21 years old 
2022-12-16 10:20:08,837 -root -INFO -Romanov Roman  Romanovych, 21 years old 
2022-12-16 10:20:08,837 -root -INFO -Lyah Oleg  Dmytrovych, 21 years old 
2022-12-16 10:20:08,837 -root -INFO -Lyah Oleg  Dmytrovych, 21 years old 
2022-12-16 10:20:08,837 -root -INFO -Lyah Oleg  Dmytrovych, 21 years old 
2022-12-16 10:20:08,837 -root -INFO -Lyah Oleg  Dmytrovych, 21 years old 
2022-12-16 10:20:08,837 -root -INFO -Lyah Oleg  Dmytrovych, 21 years old 
2022-12-16 10:20:08,837 -root -INFO -Lyah Oleg  Dmytrovych, 21 years old 
2022-12-16 10:20:08,837 -root -INFO -Lyah Oleg  Dmytrovych, 21 years old 
2022-12-16 10:20:08,837 -root -INFO -Lyah Oleg  Dmytrovych, 21 years old 
2022-12-16 10:20:08,837 -root -INFO -Lyah Oleg  Dmytrovych, 21 years old 
2022-12-16 10:21:08,976 -root -INFO -Romanov Roman  Romanovych, 21 years old 
2022-12-16 10:21:08,976 -root -INFO -Lyah Oleg  Dmytrovych, 21 years old 
2022-12-16 10:21:08,976 -root -INFO -Lyah Oleg  Dmytrovych, 21 years old 
2022-12-16 10:21:08,976 -root -INFO -Lyah Oleg  Dmytrovych, 21 years old 
2022-12-16 10:21:08,976 -root -INFO -Lyah Oleg  Dmytrovych, 21 years old 
2022-12-16 10:21:08,976 -root -INFO -Lyah Oleg  Dmytrovych, 21 years old 
2022-12-16 10:21:08,976 -root -INFO -Lyah Oleg  Dmytrovych, 21 years old 
2022-12-16 10:21:08,976 -root -INFO -Lyah Oleg  Dmytrovych, 21 years old 
2022-12-16 10:21:08,976 -root -INFO -Lyah Oleg  Dmytrovych, 21 years old 
2022-12-16 10:21:08,977 -root -INFO -Lyah Oleg  Dmytrovych, 21 years old 
2022-12-16 10:21:29,245 -root -INFO -Romanov Roman  Romanovych, 21 years old 
2022-12-16 10:21:29,246 -root -INFO -Lyah Oleg  Dmytrovych, 21 years old 
2022-12-16 10:21:29,246 -root -INFO -Lyah Oleg  Dmytrovych, 21 years old 
2022-12-16 10:21:29,246 -root -INFO -Lyah Oleg  Dmytrovych, 21 years old 
2022-12-16 10:21:29,246 -root -INFO -Lyah Oleg  Dmytrovych, 21 years old 
2022-12-16 10:21:29,246 -root -INFO -Lyah Oleg  Dmytrovych, 21 years old 
2022-12-16 10:21:29,246 -root -INFO -Lyah Oleg  Dmytrovych, 21 years old 
2022-12-16 10:21:29,246 -root -INFO -Lyah Oleg  Dmytrovych, 21 years old 
2022-12-16 10:21:29,246 -root -INFO -Lyah Oleg  Dmytrovych, 21 years old 
2022-12-16 10:21:29,246 -root -INFO -Lyah Oleg  Dmytrovych, 21 years old 
2022-12-16 10:22:08,225 -root -INFO -Romanov Roman  Romanovych, 21 years old 
2022-12-16 10:22:25,975 -root -INFO -Romanov Roman  Romanovych, 21 years old 
2022-12-16 10:22:25,975 -root -INFO -Lyah Oleg  Dmytrovych, 21 years old 
2022-12-16 10:22:25,975 -root -INFO -Lyah Oleg  Dmytrovych, 21 years old 
2022-12-16 10:22:25,975 -root -INFO -Lyah Oleg  Dmytrovych, 21 years old 
2022-12-16 10:22:25,975 -root -INFO -Lyah Oleg  Dmytrovych, 21 years old 
2022-12-16 10:22:25,975 -root -INFO -Lyah Oleg  Dmytrovych, 21 years old 
2022-12-16 10:22:25,975 -root -INFO -Lyah Oleg  Dmytrovych, 21 years old 
2022-12-16 10:22:25,975 -root -INFO -Lyah Oleg  Dmytrovych, 21 years old 
2022-12-16 10:22:25,976 -root -INFO -Lyah Oleg  Dmytrovych, 21 years old 
2022-12-16 10:22:25,976 -root -INFO -Lyah Oleg  Dmytrovych, 21 years old 
2022-12-16 10:22:50,943 -root -INFO -Romanov Roman  Romanovych, 21 years old 
2022-12-16 10:22:50,943 -root -INFO -Lyah Oleg  Dmytrovych, 21 years old 
2022-12-16 10:22:50,943 -root -INFO -Lyah Oleg  Dmytrovych, 21 years old 
2022-12-16 10:22:50,943 -root -INFO -Lyah Oleg  Dmytrovych, 21 years old 
2022-12-16 10:22:50,943 -root -INFO -Lyah Oleg  Dmytrovych, 21 years old 
2022-12-16 10:22:50,943 -root -INFO -Lyah Oleg  Dmytrovych, 21 years old 
2022-12-16 10:22:50,943 -root -INFO -Lyah Oleg  Dmytrovych, 21 years old 
2022-12-16 10:22:50,943 -root -INFO -Lyah Oleg  Dmytrovych, 21 years old 
2022-12-16 10:22:50,943 -root -INFO -Lyah Oleg  Dmytrovych, 21 years old 
2022-12-16 10:22:50,944 -root -INFO -Lyah Oleg  Dmytrovych, 21 years old 
2022-12-16 10:23:26,547 -root -INFO -Romanov Roman  Romanovych, 21 years old 
2022-12-16 10:23:26,548 -root -INFO -Lyah Oleg  Dmytrovych, 21 years old 
2022-12-16 10:23:26,548 -root -INFO -Lyah Oleg  Dmytrovych, 21 years old 
2022-12-16 10:23:26,548 -root -INFO -Lyah Oleg  Dmytrovych, 21 years old 
2022-12-16 10:23:26,548 -root -INFO -Lyah Oleg  Dmytrovych, 21 years old 
2022-12-16 10:23:26,548 -root -INFO -Lyah Oleg  Dmytrovych, 21 years old 
2022-12-16 10:23:41,732 -root -INFO -Romanov Roman  Romanovych, 21 years old 
2022-12-16 10:23:41,732 -root -INFO -Lyah Oleg  Dmytrovych, 21 years old 
2022-12-16 10:23:41,732 -root -INFO -Lyah Oleg  Dmytrovych, 21 years old 
2022-12-16 10:23:41,732 -root -INFO -Lyah Oleg  Dmytrovych, 21 years old 
2022-12-16 10:23:41,732 -root -INFO -Lyah Oleg  Dmytrovych, 21 years old 
2022-12-16 10:23:41,732 -root -INFO -Lyah Oleg  Dmytrovych, 21 years old 
2022-12-16 10:23:41,732 -root -INFO -Lyah Oleg  Dmytrovych, 21 years old 
2022-12-16 10:23:54,276 -root -INFO -Romanov Roman  Romanovych, 21 years old 
2022-12-16 10:23:54,276 -root -INFO -Lyah Oleg  Dmytrovych, 21 years old 
2022-12-16 10:23:54,276 -root -INFO -Lyah Oleg  Dmytrovych, 21 years old 
2022-12-16 10:23:54,276 -root -INFO -Lyah Oleg  Dmytrovych, 21 years old 
2022-12-16 10:23:54,277 -root -INFO -Lyah Oleg  Dmytrovych, 21 years old 
2022-12-16 10:23:54,277 -root -INFO -Lyah Oleg  Dmytrovych, 21 years old 
2022-12-16 10:23:54,277 -root -INFO -Lyah Oleg  Dmytrovych, 21 years old 
2022-12-16 10:23:54,277 -root -INFO -Lyah Oleg  Dmytrovych, 21 years old 
2022-12-16 10:23:54,277 -root -INFO -Lyah Oleg  Dmytrovych, 21 years old 
2022-12-16 10:23:54,277 -root -INFO -Lyah Oleg  Dmytrovych, 21 years old 
2022-12-16 10:23:59,567 -root -INFO -Romanov Roman  Romanovych, 21 years old 
2022-12-16 10:23:59,568 -root -INFO -Lyah Oleg  Dmytrovych, 21 years old 
2022-12-16 10:23:59,568 -root -INFO -Lyah Oleg  Dmytrovych, 21 years old 
2022-12-16 10:23:59,568 -root -INFO -Lyah Oleg  Dmytrovych, 21 years old 
2022-12-16 10:23:59,568 -root -INFO -Lyah Oleg  Dmytrovych, 21 years old 
2022-12-16 10:23:59,568 -root -INFO -Lyah Oleg  Dmytrovych, 21 years old 
2022-12-16 10:23:59,568 -root -INFO -Lyah Oleg  Dmytrovych, 21 years old 
2022-12-16 10:23:59,568 -root -INFO -Lyah Oleg  Dmytrovych, 21 years old 
2022-12-16 10:23:59,568 -root -INFO -Lyah Oleg  Dmytrovych, 21 years old 
2022-12-16 10:23:59,568 -root -INFO -Lyah Oleg  Dmytrovych, 21 years old 
2022-12-16 10:38:35,217 -root -INFO -Romanov Roman  Romanovych, 21 years old 
2022-12-16 10:38:35,217 -root -INFO -Lyah Oleg  Dmytrovych, 21 years old 
2022-12-16 10:38:35,217 -root -INFO -Kovtunov Maksym  Dmytrovych, 30 years old 
2022-12-16 10:38:35,217 -root -INFO -Melnuk Oleksandr  Kostyantunovych, 21 years old 
2022-12-16 10:38:35,217 -root -INFO -Topolya Taras  Petrovych, 22 years old 
2022-12-16 10:38:35,217 -root -INFO -Skrypka Oleg  Anatoliyovych, 23 years old 
2022-12-16 10:38:35,217 -root -INFO -Gorbatenko Seghiy  Romanovych, 20 years old 
2022-12-16 10:38:35,217 -root -INFO -Byt Bogdan  Bogdanovych, 24 years old 
2022-12-16 10:38:35,217 -root -INFO -Lyah Oleksandr  Dmytrovych, 25 years old 
2022-12-16 10:38:35,217 -root -INFO -Lyah Maksym  Anatoliyovych, 26 years old 
2022-12-19 23:29:35,545 -root -INFO -Romanov Roman  Romanovych, 21 years old 
2022-12-19 23:29:35,546 -root -INFO -Lyah Oleg  Dmytrovych, 21 years old 
2022-12-19 23:29:35,546 -root -INFO -Kovtunov Maksym  Dmytrovych, 30 years old 
2022-12-19 23:29:35,546 -root -INFO -Melnuk Oleksandr  Kostyantunovych, 21 years old 
2022-12-19 23:29:35,546 -root -INFO -Topolya Taras  Petrovych, 22 years old 
2022-12-19 23:29:35,546 -root -INFO -Skrypka Oleg  Anatoliyovych, 23 years old 
2022-12-19 23:29:35,546 -root -INFO -Gorbatenko Seghiy  Romanovych, 20 years old 
2022-12-19 23:29:35,546 -root -INFO -Byt Bogdan  Bogdanovych, 24 years old 
2022-12-19 23:29:35,546 -root -INFO -Lyah Oleksandr  Dmytrovych, 25 years old 
2022-12-19 23:29:35,546 -root -INFO -Lyah Maksym  Anatoliyovych, 26 years old 
2022-12-19 23:29:52,050 -root -INFO -Romanov Roman  Romanovych, 21 years old 
2022-12-19 23:29:52,050 -root -INFO -Lyah Oleg  Dmytrovych, 21 years old 
2022-12-19 23:29:52,050 -root -INFO -Kovtunov Maksym  Dmytrovych, 30 years old 
2022-12-19 23:29:52,050 -root -INFO -Melnuk Oleksandr  Kostyantunovych, 21 years old 
2022-12-19 23:29:52,050 -root -INFO -Topolya Taras  Petrovych, 22 years old 
2022-12-19 23:29:52,051 -root -INFO -Skrypka Oleg  Anatoliyovych, 23 years old 
2022-12-19 23:29:52,051 -root -INFO -Gorbatenko Seghiy  Romanovych, 20 years old 
2022-12-19 23:29:52,051 -root -INFO -Byt Bogdan  Bogdanovych, 24 years old 
2022-12-19 23:29:52,051 -root -INFO -Lyah Oleksandr  Dmytrovych, 25 years old 
2022-12-19 23:29:52,051 -root -INFO -Lyah Maksym  Anatoliyovych, 26 years old 
2022-12-19 23:32:26,977 -root -INFO -Romanov Roman  Romanovych, 21 years old 
2022-12-19 23:32:26,977 -root -INFO -Lyah Oleg  Dmytrovych, 21 years old 
2022-12-19 23:32:26,977 -root -INFO -Kovtunov Maksym  Dmytrovych, 30 years old 
2022-12-19 23:32:26,977 -root -INFO -Melnuk Oleksandr  Kostyantunovych, 21 years old 
2022-12-19 23:32:26,977 -root -INFO -Topolya Taras  Petrovych, 22 years old 
2022-12-19 23:32:26,977 -root -INFO -Skrypka Oleg  Anatoliyovych, 23 years old 
2022-12-19 23:32:26,977 -root -INFO -Gorbatenko Seghiy  Romanovych, 20 years old 
2022-12-19 23:32:26,977 -root -INFO -Byt Bogdan  Bogdanovych, 24 years old 
2022-12-19 23:32:26,977 -root -INFO -Lyah Oleksandr  Dmytrovych, 25 years old 
2022-12-19 23:32:26,977 -root -INFO -Lyah Maksym  Anatoliyovych, 26 years old 
2022-12-19 23:33:33,441 -root -INFO -Romanov Roman  Romanovych, 21 years old 
2022-12-19 23:33:33,441 -root -INFO -Lyah Oleg  Dmytrovych, 21 years old 
2022-12-19 23:33:33,441 -root -INFO -Kovtunov Maksym  Dmytrovych, 30 years old 
2022-12-19 23:33:33,441 -root -INFO -Melnuk Oleksandr  Kostyantunovych, 21 years old 
2022-12-19 23:33:33,441 -root -INFO -Topolya Taras  Petrovych, 22 years old 
2022-12-19 23:33:33,441 -root -INFO -Skrypka Oleg  Anatoliyovych, 23 years old 
2022-12-19 23:33:33,441 -root -INFO -Gorbatenko Seghiy  Romanovych, 20 years old 
2022-12-19 23:33:33,441 -root -INFO -Byt Bogdan  Bogdanovych, 24 years old 
2022-12-19 23:33:33,441 -root -INFO -Lyah Oleksandr  Dmytrovych, 25 years old 
2022-12-19 23:33:33,441 -root -INFO -Lyah Maksym  Anatoliyovych, 26 years old 
2022-12-19 23:35:29,771 -root -INFO -Romanov Roman  Romanovych, 21 years old 
2022-12-19 23:35:29,771 -root -INFO -Lyah Oleg  Dmytrovych, 21 years old 
2022-12-19 23:35:29,771 -root -INFO -Kovtunov Maksym  Dmytrovych, 30 years old 
2022-12-19 23:35:29,771 -root -INFO -Melnuk Oleksandr  Kostyantunovych, 21 years old 
2022-12-19 23:35:29,771 -root -INFO -Topolya Taras  Petrovych, 22 years old 
2022-12-19 23:35:29,771 -root -INFO -Skrypka Oleg  Anatoliyovych, 23 years old 
2022-12-19 23:35:29,771 -root -INFO -Gorbatenko Seghiy  Romanovych, 20 years old 
2022-12-19 23:35:29,771 -root -INFO -Byt Bogdan  Bogdanovych, 24 years old 
2022-12-19 23:35:29,771 -root -INFO -Lyah Oleksandr  Dmytrovych, 25 years old 
2022-12-19 23:35:29,771 -root -INFO -Lyah Maksym  Anatoliyovych, 26 years old 
2022-12-19 23:36:21,335 -root -INFO -Romanov Roman  Romanovych, 21 years old 
2022-12-19 23:36:21,335 -root -INFO -Lyah Oleg  Dmytrovych, 21 years old 
2022-12-19 23:36:21,335 -root -INFO -Kovtunov Maksym  Dmytrovych, 30 years old 
2022-12-19 23:36:21,335 -root -INFO -Melnuk Oleksandr  Kostyantunovych, 21 years old 
2022-12-19 23:36:21,335 -root -INFO -Topolya Taras  Petrovych, 22 years old 
2022-12-19 23:36:21,335 -root -INFO -Skrypka Oleg  Anatoliyovych, 23 years old 
2022-12-19 23:36:21,335 -root -INFO -Gorbatenko Seghiy  Romanovych, 20 years old 
2022-12-19 23:36:21,335 -root -INFO -Byt Bogdan  Bogdanovych, 24 years old 
2022-12-19 23:36:21,335 -root -INFO -Lyah Oleksandr  Dmytrovych, 25 years old 
2022-12-19 23:36:21,335 -root -INFO -Lyah Maksym  Anatoliyovych, 26 years old 
2022-12-19 23:56:44,468 -root -INFO -Romanov Roman  Romanovych, 21 years old 
2022-12-19 23:56:44,468 -root -INFO -Lyah Oleg  Dmytrovych, 21 years old 
2022-12-19 23:56:44,468 -root -INFO -Kovtunov Maksym  Dmytrovych, 30 years old 
2022-12-19 23:56:44,468 -root -INFO -Melnuk Oleksandr  Kostyantunovych, 21 years old 
2022-12-19 23:56:44,468 -root -INFO -Topolya Taras  Petrovych, 22 years old 
2022-12-19 23:56:44,468 -root -INFO -Skrypka Oleg  Anatoliyovych, 23 years old 
2022-12-19 23:56:44,468 -root -INFO -Gorbatenko Seghiy  Romanovych, 20 years old 
2022-12-19 23:56:44,468 -root -INFO -Byt Bogdan  Bogdanovych, 24 years old 
2022-12-19 23:56:44,468 -root -INFO -Lyah Oleksandr  Dmytrovych, 25 years old 
2022-12-19 23:56:44,468 -root -INFO -Lyah Maksym  Anatoliyovych, 26 years old 
2022-12-19 23:57:33,686 -root -INFO -Romanov Roman  Romanovych, 21 years old 
2022-12-19 23:57:33,686 -root -INFO -Lyah Oleg  Dmytrovych, 21 years old 
2022-12-19 23:57:33,686 -root -INFO -Kovtunov Maksym  Dmytrovych, 30 years old 
2022-12-19 23:57:33,686 -root -INFO -Melnuk Oleksandr  Kostyantunovych, 21 years old 
2022-12-19 23:57:33,686 -root -INFO -Topolya Taras  Petrovych, 22 years old 
2022-12-19 23:57:33,686 -root -INFO -Skrypka Oleg  Anatoliyovych, 23 years old 
2022-12-19 23:57:33,686 -root -INFO -Gorbatenko Seghiy  Romanovych, 20 years old 
2022-12-19 23:57:33,686 -root -INFO -Byt Bogdan  Bogdanovych, 24 years old 
2022-12-19 23:57:33,686 -root -INFO -Lyah Oleksandr  Dmytrovych, 25 years old 
2022-12-19 23:57:33,686 -root -INFO -Lyah Maksym  Anatoliyovych, 26 years old 
2022-12-19 23:58:06,377 -root -INFO -Romanov Roman  Romanovych, 21 years old 
2022-12-19 23:58:06,377 -root -INFO -Lyah Oleg  Dmytrovych, 21 years old 
2022-12-19 23:58:06,377 -root -INFO -Kovtunov Maksym  Dmytrovych, 30 years old 
2022-12-19 23:58:06,377 -root -INFO -Melnuk Oleksandr  Kostyantunovych, 21 years old 
2022-12-19 23:58:06,377 -root -INFO -Topolya Taras  Petrovych, 22 years old 
2022-12-19 23:58:06,377 -root -INFO -Skrypka Oleg  Anatoliyovych, 23 years old 
2022-12-19 23:58:06,377 -root -INFO -Gorbatenko Seghiy  Romanovych, 20 years old 
2022-12-19 23:58:06,378 -root -INFO -Byt Bogdan  Bogdanovych, 24 years old 
2022-12-19 23:58:06,378 -root -INFO -Lyah Oleksandr  Dmytrovych, 25 years old 
2022-12-19 23:58:06,378 -root -INFO -Lyah Maksym  Anatoliyovych, 26 years old 
2022-12-19 23:58:34,141 -root -INFO -Romanov Roman  Romanovych, 21 years old 
2022-12-19 23:58:34,141 -root -INFO -Lyah Oleg  Dmytrovych, 21 years old 
2022-12-19 23:58:34,141 -root -INFO -Kovtunov Maksym  Dmytrovych, 30 years old 
2022-12-19 23:58:34,141 -root -INFO -Melnuk Oleksandr  Kostyantunovych, 21 years old 
2022-12-19 23:58:34,141 -root -INFO -Topolya Taras  Petrovych, 22 years old 
2022-12-19 23:58:34,141 -root -INFO -Skrypka Oleg  Anatoliyovych, 23 years old 
2022-12-19 23:58:34,141 -root -INFO -Gorbatenko Seghiy  Romanovych, 20 years old 
2022-12-19 23:58:34,141 -root -INFO -Byt Bogdan  Bogdanovych, 24 years old 
2022-12-19 23:58:34,141 -root -INFO -Lyah Oleksandr  Dmytrovych, 25 years old 
2022-12-19 23:58:34,141 -root -INFO -Lyah Maksym  Anatoliyovych, 26 years old 
2022-12-19 23:59:02,854 -root -INFO -Romanov Roman  Romanovych, 21 years old 
2022-12-19 23:59:02,855 -root -INFO -Lyah Oleg  Dmytrovych, 21 years old 
2022-12-19 23:59:02,855 -root -INFO -Kovtunov Maksym  Dmytrovych, 30 years old 
2022-12-19 23:59:02,855 -root -INFO -Melnuk Oleksandr  Kostyantunovych, 21 years old 
2022-12-19 23:59:02,855 -root -INFO -Topolya Taras  Petrovych, 22 years old 
2022-12-19 23:59:02,855 -root -INFO -Skrypka Oleg  Anatoliyovych, 23 years old 
2022-12-19 23:59:02,855 -root -INFO -Gorbatenko Seghiy  Romanovych, 20 years old 
2022-12-19 23:59:02,855 -root -INFO -Byt Bogdan  Bogdanovych, 24 years old 
2022-12-19 23:59:02,855 -root -INFO -Lyah Oleksandr  Dmytrovych, 25 years old 
2022-12-19 23:59:02,855 -root -INFO -Lyah Maksym  Anatoliyovych, 26 years old 
2022-12-19 23:59:10,135 -root -INFO -Romanov Roman  Romanovych, 21 years old 
2022-12-19 23:59:10,135 -root -INFO -Lyah Oleg  Dmytrovych, 21 years old 
2022-12-19 23:59:10,135 -root -INFO -Kovtunov Maksym  Dmytrovych, 30 years old 
2022-12-19 23:59:10,135 -root -INFO -Melnuk Oleksandr  Kostyantunovych, 21 years old 
2022-12-19 23:59:10,135 -root -INFO -Topolya Taras  Petrovych, 22 years old 
2022-12-19 23:59:10,135 -root -INFO -Skrypka Oleg  Anatoliyovych, 23 years old 
2022-12-19 23:59:10,135 -root -INFO -Gorbatenko Seghiy  Romanovych, 20 years old 
2022-12-19 23:59:10,135 -root -INFO -Byt Bogdan  Bogdanovych, 24 years old 
2022-12-19 23:59:10,135 -root -INFO -Lyah Oleksandr  Dmytrovych, 25 years old 
2022-12-19 23:59:10,135 -root -INFO -Lyah Maksym  Anatoliyovych, 26 years old 
2022-12-25 15:49:39,110 -root -INFO -Romanov Roman  Romanovych, 21 years old 
2022-12-25 15:49:39,110 -root -INFO -Lyah Oleg  Dmytrovych, 21 years old 
2022-12-25 15:49:39,110 -root -INFO -Kovtunov Maksym  Dmytrovych, 30 years old 
2022-12-25 15:49:39,110 -root -INFO -Melnuk Oleksandr  Kostyantunovych, 21 years old 
2022-12-25 15:49:39,110 -root -INFO -Topolya Taras  Petrovych, 22 years old 
2022-12-25 15:49:39,110 -root -INFO -Skrypka Oleg  Anatoliyovych, 23 years old 
2022-12-25 15:49:39,111 -root -INFO -Gorbatenko Seghiy  Romanovych, 20 years old 
2022-12-25 15:49:39,111 -root -INFO -Byt Bogdan  Bogdanovych, 24 years old 
2022-12-25 15:49:39,111 -root -INFO -Lyah Oleksandr  Dmytrovych, 25 years old 
2022-12-25 15:49:39,111 -root -INFO -Lyah Maksym  Anatoliyovych, 26 years old 
2023-01-05 01:37:36,029 -root -INFO -Romanov Roman  Romanovych, 21 years old 
2023-01-05 01:37:36,030 -root -INFO -Lyah Oleg  Dmytrovych, 21 years old 
2023-01-05 01:37:36,030 -root -INFO -Kovtunov Maksym  Dmytrovych, 30 years old 
2023-01-05 01:37:36,030 -root -INFO -Melnuk Oleksandr  Kostyantunovych, 21 years old 
2023-01-05 01:37:36,030 -root -INFO -Topolya Taras  Petrovych, 22 years old 
2023-01-05 01:37:36,030 -root -INFO -Skrypka Oleg  Anatoliyovych, 23 years old 
2023-01-05 01:37:36,030 -root -INFO -Gorbatenko Seghiy  Romanovych, 20 years old 
2023-01-05 01:37:36,030 -root -INFO -Byt Bogdan  Bogdanovych, 24 years old 
2023-01-05 01:37:36,030 -root -INFO -Lyah Oleksandr  Dmytrovych, 25 years old 
2023-01-05 01:37:36,030 -root -INFO -Lyah Maksym  Anatoliyovych, 26 years old 
2023-01-05 01:37:54,581 -root -INFO -Romanov Roman  Romanovych, 21 years old 
2023-01-05 01:37:54,581 -root -INFO -Lyah Oleg  Dmytrovych, 21 years old 
2023-01-05 01:37:54,582 -root -INFO -Kovtunov Maksym  Dmytrovych, 30 years old 
2023-01-05 01:37:54,582 -root -INFO -Melnuk Oleksandr  Kostyantunovych, 21 years old 
2023-01-05 01:37:54,582 -root -INFO -Topolya Taras  Petrovych, 22 years old 
2023-01-05 01:37:54,582 -root -INFO -Skrypka Oleg  Anatoliyovych, 23 years old 
2023-01-05 01:37:54,582 -root -INFO -Gorbatenko Seghiy  Romanovych, 20 years old 
2023-01-05 01:37:54,582 -root -INFO -Byt Bogdan  Bogdanovych, 24 years old 
2023-01-05 01:37:54,582 -root -INFO -Lyah Oleksandr  Dmytrovych, 25 years old 
2023-01-05 01:37:54,582 -root -INFO -Lyah Maksym  Anatoliyovych, 26 years old 
2023-01-07 17:32:07,874 -root -INFO -Romanov Roman  Romanovych, 21 years old 
2023-01-07 17:32:07,875 -root -INFO -Lyah Oleg  Dmytrovych, 21 years old 
2023-01-07 17:32:07,875 -root -INFO -Kovtunov Maksym  Dmytrovych, 30 years old 
2023-01-07 17:32:07,875 -root -INFO -Melnuk Oleksandr  Kostyantunovych, 21 years old 
2023-01-07 17:32:07,875 -root -INFO -Topolya Taras  Petrovych, 22 years old 
2023-01-07 17:32:07,875 -root -INFO -Skrypka Oleg  Anatoliyovych, 23 years old 
2023-01-07 17:32:07,875 -root -INFO -Gorbatenko Seghiy  Romanovych, 20 years old 
2023-01-07 17:32:07,876 -root -INFO -Byt Bogdan  Bogdanovych, 24 years old 
2023-01-07 17:32:07,876 -root -INFO -Lyah Oleksandr  Dmytrovych, 25 years old 
2023-01-07 17:32:07,876 -root -INFO -Lyah Maksym  Anatoliyovych, 26 years old 
2023-01-07 17:32:44,895 -root -INFO -Romanov Roman  Romanovych, 21 years old 
2023-01-07 17:32:44,895 -root -INFO -Lyah Oleg  Dmytrovych, 21 years old 
2023-01-07 17:32:44,895 -root -INFO -Kovtunov Maksym  Dmytrovych, 30 years old 
2023-01-07 17:32:44,895 -root -INFO -Melnuk Oleksandr  Kostyantunovych, 21 years old 
2023-01-07 17:32:44,895 -root -INFO -Topolya Taras  Petrovych, 22 years old 
2023-01-07 17:32:44,895 -root -INFO -Skrypka Oleg  Anatoliyovych, 23 years old 
2023-01-07 17:32:44,895 -root -INFO -Gorbatenko Seghiy  Romanovych, 20 years old 
2023-01-07 17:32:44,895 -root -INFO -Byt Bogdan  Bogdanovych, 24 years old 
2023-01-07 17:32:44,895 -root -INFO -Lyah Oleksandr  Dmytrovych, 25 years old 
2023-01-07 17:32:44,895 -root -INFO -Lyah Maksym  Anatoliyovych, 26 years old 
2023-01-07 17:32:55,533 -root -INFO -Romanov Roman  Romanovych, 21 years old 
2023-01-07 17:32:55,533 -root -INFO -Lyah Oleg  Dmytrovych, 21 years old 
2023-01-07 17:32:55,533 -root -INFO -Kovtunov Maksym  Dmytrovych, 30 years old 
2023-01-07 17:32:55,533 -root -INFO -Melnuk Oleksandr  Kostyantunovych, 21 years old 
2023-01-07 17:32:55,533 -root -INFO -Topolya Taras  Petrovych, 22 years old 
2023-01-07 17:32:55,533 -root -INFO -Skrypka Oleg  Anatoliyovych, 23 years old 
2023-01-07 17:32:55,533 -root -INFO -Gorbatenko Seghiy  Romanovych, 20 years old 
2023-01-07 17:32:55,534 -root -INFO -Byt Bogdan  Bogdanovych, 24 years old 
2023-01-07 17:32:55,534 -root -INFO -Lyah Oleksandr  Dmytrovych, 25 years old 
2023-01-07 17:32:55,534 -root -INFO -Lyah Maksym  Anatoliyovych, 26 years old 
2023-01-07 17:37:46,598 -root -INFO -Romanov Roman  Romanovych, 21 years old 
2023-01-07 17:37:46,599 -root -INFO -Lyah Oleg  Dmytrovych, 21 years old 
2023-01-07 17:37:46,599 -root -INFO -Kovtunov Maksym  Dmytrovych, 30 years old 
2023-01-07 17:37:46,599 -root -INFO -Melnuk Oleksandr  Kostyantunovych, 21 years old 
2023-01-07 17:37:46,599 -root -INFO -Topolya Taras  Petrovych, 22 years old 
2023-01-07 17:37:46,599 -root -INFO -Skrypka Oleg  Anatoliyovych, 23 years old 
2023-01-07 17:37:46,599 -root -INFO -Gorbatenko Seghiy  Romanovych, 20 years old 
2023-01-07 17:37:46,599 -root -INFO -Byt Bogdan  Bogdanovych, 24 years old 
2023-01-07 17:37:46,599 -root -INFO -Lyah Oleksandr  Dmytrovych, 25 years old 
2023-01-07 17:37:46,599 -root -INFO -Lyah Maksym  Anatoliyovych, 26 years old 
2023-01-07 21:17:36,556 -root -INFO -Romanov Roman  Romanovych, 21 years old 
2023-01-07 21:17:36,557 -root -INFO -Lyah Oleg  Dmytrovych, 21 years old 
2023-01-07 21:17:36,557 -root -INFO -Kovtunov Maksym  Dmytrovych, 30 years old 
2023-01-07 21:17:36,557 -root -INFO -Melnuk Oleksandr  Kostyantunovych, 21 years old 
2023-01-07 21:17:36,557 -root -INFO -Topolya Taras  Petrovych, 22 years old 
2023-01-07 21:17:36,557 -root -INFO -Skrypka Oleg  Anatoliyovych, 23 years old 
2023-01-07 21:17:36,557 -root -INFO -Gorbatenko Seghiy  Romanovych, 20 years old 
2023-01-07 21:17:36,557 -root -INFO -Byt Bogdan  Bogdanovych, 24 years old 
2023-01-07 21:17:36,557 -root -INFO -Lyah Oleksandr  Dmytrovych, 25 years old 
2023-01-07 21:17:36,557 -root -INFO -Lyah Maksym  Anatoliyovych, 26 years old 
2023-01-08 21:48:43,532 -root -INFO -Romanov Roman  Romanovych, 21 years old 
2023-01-08 21:48:43,533 -root -INFO -Lyah Oleg  Dmytrovych, 21 years old 
2023-01-08 21:48:43,533 -root -INFO -Kovtunov Maksym  Dmytrovych, 30 years old 
2023-01-08 21:48:43,533 -root -INFO -Melnuk Oleksandr  Kostyantunovych, 21 years old 
2023-01-08 21:48:43,533 -root -INFO -Topolya Taras  Petrovych, 22 years old 
2023-01-08 21:48:43,533 -root -INFO -Skrypka Oleg  Anatoliyovych, 23 years old 
2023-01-08 21:48:43,533 -root -INFO -Gorbatenko Seghiy  Romanovych, 20 years old 
2023-01-08 21:48:43,533 -root -INFO -Byt Bogdan  Bogdanovych, 24 years old 
2023-01-08 21:48:43,533 -root -INFO -Lyah Oleksandr  Dmytrovych, 25 years old 
2023-01-08 21:48:43,533 -root -INFO -Lyah Maksym  Anatoliyovych, 26 years old 
2023-01-09 00:12:03,925 -root -INFO -Romanov Roman  Romanovych, 21 years old 
2023-01-09 00:12:03,925 -root -INFO -Lyah Oleg  Dmytrovych, 21 years old 
2023-01-09 00:12:03,925 -root -INFO -Kovtunov Maksym  Dmytrovych, 30 years old 
2023-01-09 00:12:03,925 -root -INFO -Melnuk Oleksandr  Kostyantunovych, 21 years old 
2023-01-09 00:12:03,925 -root -INFO -Topolya Taras  Petrovych, 22 years old 
2023-01-09 00:12:03,925 -root -INFO -Skrypka Oleg  Anatoliyovych, 23 years old 
2023-01-09 00:12:03,925 -root -INFO -Gorbatenko Seghiy  Romanovych, 20 years old 
2023-01-09 00:12:03,925 -root -INFO -Byt Bogdan  Bogdanovych, 24 years old 
2023-01-09 00:12:03,925 -root -INFO -Lyah Oleksandr  Dmytrovych, 25 years old 
2023-01-09 00:12:03,925 -root -INFO -Lyah Maksym  Anatoliyovych, 26 years old 
2023-01-09 00:12:26,402 -root -INFO -Romanov Roman  Romanovych, 21 years old 
2023-01-09 00:12:26,402 -root -INFO -Lyah Oleg  Dmytrovych, 21 years old 
2023-01-09 00:12:26,402 -root -INFO -Kovtunov Maksym  Dmytrovych, 30 years old 
2023-01-09 00:12:26,402 -root -INFO -Melnuk Oleksandr  Kostyantunovych, 21 years old 
2023-01-09 00:12:26,402 -root -INFO -Topolya Taras  Petrovych, 22 years old 
2023-01-09 00:12:26,402 -root -INFO -Skrypka Oleg  Anatoliyovych, 23 years old 
2023-01-09 00:12:26,403 -root -INFO -Gorbatenko Seghiy  Romanovych, 20 years old 
2023-01-09 00:12:26,403 -root -INFO -Byt Bogdan  Bogdanovych, 24 years old 
2023-01-09 00:12:26,403 -root -INFO -Lyah Oleksandr  Dmytrovych, 25 years old 
2023-01-09 00:12:26,403 -root -INFO -Lyah Maksym  Anatoliyovych, 26 years old 
2023-01-09 00:12:41,371 -root -INFO -Romanov Roman  Romanovych, 21 years old 
2023-01-09 00:12:41,371 -root -INFO -Lyah Oleg  Dmytrovych, 21 years old 
2023-01-09 00:12:41,371 -root -INFO -Kovtunov Maksym  Dmytrovych, 30 years old 
2023-01-09 00:12:41,371 -root -INFO -Melnuk Oleksandr  Kostyantunovych, 21 years old 
2023-01-09 00:12:41,371 -root -INFO -Topolya Taras  Petrovych, 22 years old 
2023-01-09 00:12:41,371 -root -INFO -Skrypka Oleg  Anatoliyovych, 23 years old 
2023-01-09 00:12:41,371 -root -INFO -Gorbatenko Seghiy  Romanovych, 20 years old 
2023-01-09 00:12:41,371 -root -INFO -Byt Bogdan  Bogdanovych, 24 years old 
2023-01-09 00:12:41,371 -root -INFO -Lyah Oleksandr  Dmytrovych, 25 years old 
2023-01-09 00:12:41,371 -root -INFO -Lyah Maksym  Anatoliyovych, 26 years old 
2023-01-09 00:13:04,885 -root -INFO -Romanov Roman  Romanovych, 21 years old 
2023-01-09 00:13:04,885 -root -INFO -Lyah Oleg  Dmytrovych, 21 years old 
2023-01-09 00:13:04,886 -root -INFO -Kovtunov Maksym  Dmytrovych, 30 years old 
2023-01-09 00:13:04,886 -root -INFO -Melnuk Oleksandr  Kostyantunovych, 21 years old 
2023-01-09 00:13:04,886 -root -INFO -Topolya Taras  Petrovych, 22 years old 
2023-01-09 00:13:04,886 -root -INFO -Skrypka Oleg  Anatoliyovych, 23 years old 
2023-01-09 00:13:04,886 -root -INFO -Gorbatenko Seghiy  Romanovych, 20 years old 
2023-01-09 00:13:04,886 -root -INFO -Byt Bogdan  Bogdanovych, 24 years old 
2023-01-09 00:15:03,421 -root -INFO -Romanov Roman  Romanovych, 21 years old 
2023-01-09 00:15:03,421 -root -INFO -Lyah Oleg  Dmytrovych, 21 years old 
2023-01-09 00:15:03,421 -root -INFO -Kovtunov Maksym  Dmytrovych, 30 years old 
2023-01-09 00:15:03,422 -root -INFO -Melnuk Oleksandr  Kostyantunovych, 21 years old 
2023-01-09 00:15:03,422 -root -INFO -Topolya Taras  Petrovych, 22 years old 
2023-01-09 00:15:03,422 -root -INFO -Skrypka Oleg  Anatoliyovych, 23 years old 
2023-01-09 00:15:03,422 -root -INFO -Gorbatenko Seghiy  Romanovych, 20 years old 
2023-01-09 00:15:03,422 -root -INFO -Byt Bogdan  Bogdanovych, 24 years old 
2023-01-09 00:15:19,202 -root -INFO -Romanov Roman  Romanovych, 21 years old 
2023-01-09 00:15:19,202 -root -INFO -Lyah Oleg  Dmytrovych, 21 years old 
2023-01-09 00:15:19,202 -root -INFO -Kovtunov Maksym  Dmytrovych, 30 years old 
2023-01-09 00:15:19,202 -root -INFO -Melnuk Oleksandr  Kostyantunovych, 21 years old 
2023-01-09 00:15:19,202 -root -INFO -Topolya Taras  Petrovych, 22 years old 
2023-01-09 00:15:19,202 -root -INFO -Skrypka Oleg  Anatoliyovych, 23 years old 
2023-01-09 00:15:19,202 -root -INFO -Gorbatenko Seghiy  Romanovych, 20 years old 
2023-01-09 00:15:19,202 -root -INFO -Byt Bogdan  Bogdanovych, 24 years old 
2023-01-09 00:15:36,572 -root -INFO -Romanov Roman  Romanovych, 21 years old 
2023-01-09 00:15:36,572 -root -INFO -Lyah Oleg  Dmytrovych, 21 years old 
2023-01-09 00:15:36,572 -root -INFO -Kovtunov Maksym  Dmytrovych, 30 years old 
2023-01-09 00:15:36,572 -root -INFO -Melnuk Oleksandr  Kostyantunovych, 21 years old 
2023-01-09 00:15:36,572 -root -INFO -Topolya Taras  Petrovych, 22 years old 
2023-01-09 00:15:36,572 -root -INFO -Skrypka Oleg  Anatoliyovych, 23 years old 
2023-01-09 00:15:36,573 -root -INFO -Gorbatenko Seghiy  Romanovych, 20 years old 
2023-01-09 00:15:36,573 -root -INFO -Byt Bogdan  Bogdanovych, 24 years old 
2023-01-09 00:15:49,639 -root -INFO -Romanov Roman  Romanovych, 21 years old 
2023-01-09 00:15:49,639 -root -INFO -Lyah Oleg  Dmytrovych, 21 years old 
2023-01-09 00:15:49,639 -root -INFO -Kovtunov Maksym  Dmytrovych, 30 years old 
2023-01-09 00:15:49,639 -root -INFO -Melnuk Oleksandr  Kostyantunovych, 21 years old 
2023-01-09 00:15:49,639 -root -INFO -Topolya Taras  Petrovych, 22 years old 
2023-01-09 00:15:49,639 -root -INFO -Skrypka Oleg  Anatoliyovych, 23 years old 
2023-01-09 00:15:49,639 -root -INFO -Gorbatenko Seghiy  Romanovych, 20 years old 
2023-01-09 00:15:49,639 -root -INFO -Byt Bogdan  Bogdanovych, 24 years old 
2023-01-09 00:16:44,681 -root -INFO -Romanov Roman  Romanovych, 21 years old 
2023-01-09 00:16:44,681 -root -INFO -Lyah Oleg  Dmytrovych, 21 years old 
2023-01-09 00:16:44,681 -root -INFO -Kovtunov Maksym  Dmytrovych, 30 years old 
2023-01-09 00:16:44,681 -root -INFO -Melnuk Oleksandr  Kostyantunovych, 21 years old 
2023-01-09 00:16:44,681 -root -INFO -Topolya Taras  Petrovych, 22 years old 
2023-01-09 00:16:44,681 -root -INFO -Skrypka Oleg  Anatoliyovych, 23 years old 
2023-01-09 00:16:44,681 -root -INFO -Gorbatenko Seghiy  Romanovych, 20 years old 
2023-01-09 00:16:44,681 -root -INFO -Byt Bogdan  Bogdanovych, 24 years old 
2023-01-09 00:18:11,148 -root -INFO -Romanov Roman  Romanovych, 21 years old 
2023-01-09 00:18:11,148 -root -INFO -Lyah Oleg  Dmytrovych, 21 years old 
2023-01-09 00:18:11,148 -root -INFO -Kovtunov Maksym  Dmytrovych, 30 years old 
2023-01-09 00:18:11,148 -root -INFO -Melnuk Oleksandr  Kostyantunovych, 21 years old 
2023-01-09 00:18:11,148 -root -INFO -Topolya Taras  Petrovych, 22 years old 
2023-01-09 00:18:11,148 -root -INFO -Skrypka Oleg  Anatoliyovych, 23 years old 
2023-01-09 00:18:11,148 -root -INFO -Gorbatenko Seghiy  Romanovych, 20 years old 
2023-01-09 00:18:11,148 -root -INFO -Byt Bogdan  Bogdanovych, 24 years old 
2023-01-09 00:18:23,711 -root -INFO -Romanov Roman  Romanovych, 21 years old 
2023-01-09 00:18:23,711 -root -INFO -Lyah Oleg  Dmytrovych, 21 years old 
2023-01-09 00:18:23,711 -root -INFO -Kovtunov Maksym  Dmytrovych, 30 years old 
2023-01-09 00:18:23,712 -root -INFO -Melnuk Oleksandr  Kostyantunovych, 21 years old 
2023-01-09 00:18:23,712 -root -INFO -Topolya Taras  Petrovych, 22 years old 
2023-01-09 00:18:23,712 -root -INFO -Skrypka Oleg  Anatoliyovych, 23 years old 
2023-01-09 00:18:23,712 -root -INFO -Gorbatenko Seghiy  Romanovych, 20 years old 
2023-01-09 00:18:23,712 -root -INFO -Byt Bogdan  Bogdanovych, 24 years old 
2023-01-09 00:19:04,691 -root -INFO -Romanov Roman  Romanovych, 21 years old 
2023-01-09 00:19:04,692 -root -INFO -Lyah Oleg  Dmytrovych, 21 years old 
2023-01-09 00:19:04,692 -root -INFO -Kovtunov Maksym  Dmytrovych, 30 years old 
2023-01-09 00:19:04,692 -root -INFO -Melnuk Oleksandr  Kostyantunovych, 21 years old 
2023-01-09 00:19:04,692 -root -INFO -Topolya Taras  Petrovych, 22 years old 
2023-01-09 00:19:04,692 -root -INFO -Skrypka Oleg  Anatoliyovych, 23 years old 
2023-01-09 00:19:04,692 -root -INFO -Gorbatenko Seghiy  Romanovych, 20 years old 
2023-01-09 00:19:04,692 -root -INFO -Byt Bogdan  Bogdanovych, 24 years old 
2023-01-09 00:19:21,076 -root -INFO -Romanov Roman  Romanovych, 21 years old 
2023-01-09 00:19:21,077 -root -INFO -Lyah Oleg  Dmytrovych, 21 years old 
2023-01-09 00:19:21,077 -root -INFO -Kovtunov Maksym  Dmytrovych, 30 years old 
2023-01-09 00:19:21,077 -root -INFO -Melnuk Oleksandr  Kostyantunovych, 21 years old 
2023-01-09 00:19:21,077 -root -INFO -Topolya Taras  Petrovych, 22 years old 
2023-01-09 00:19:21,077 -root -INFO -Skrypka Oleg  Anatoliyovych, 23 years old 
2023-01-09 00:19:21,077 -root -INFO -Gorbatenko Seghiy  Romanovych, 20 years old 
2023-01-09 00:19:21,077 -root -INFO -Byt Bogdan  Bogdanovych, 24 years old 
2023-01-09 00:19:27,156 -root -INFO -Romanov Roman  Romanovych, 21 years old 
2023-01-09 00:19:27,157 -root -INFO -Lyah Oleg  Dmytrovych, 21 years old 
2023-01-09 00:19:27,157 -root -INFO -Kovtunov Maksym  Dmytrovych, 30 years old 
2023-01-09 00:19:27,157 -root -INFO -Melnuk Oleksandr  Kostyantunovych, 21 years old 
2023-01-09 00:19:27,157 -root -INFO -Topolya Taras  Petrovych, 22 years old 
2023-01-09 00:19:27,157 -root -INFO -Skrypka Oleg  Anatoliyovych, 23 years old 
2023-01-09 00:19:27,157 -root -INFO -Gorbatenko Seghiy  Romanovych, 20 years old 
2023-01-09 00:19:27,157 -root -INFO -Byt Bogdan  Bogdanovych, 24 years old 
2023-01-09 00:21:10,680 -root -INFO -Romanov Roman  Romanovych, 21 years old 
2023-01-09 00:21:10,680 -root -INFO -Lyah Oleg  Dmytrovych, 21 years old 
2023-01-09 00:21:10,680 -root -INFO -Kovtunov Maksym  Dmytrovych, 30 years old 
2023-01-09 00:21:10,680 -root -INFO -Melnuk Oleksandr  Kostyantunovych, 21 years old 
2023-01-09 00:21:10,680 -root -INFO -Topolya Taras  Petrovych, 22 years old 
2023-01-09 00:21:10,680 -root -INFO -Skrypka Oleg  Anatoliyovych, 23 years old 
2023-01-09 00:21:10,680 -root -INFO -Gorbatenko Seghiy  Romanovych, 20 years old 
2023-01-09 00:21:10,680 -root -INFO -Byt Bogdan  Bogdanovych, 24 years old 
2023-01-09 00:21:29,471 -root -INFO -Romanov Roman  Romanovych, 21 years old 
2023-01-09 00:21:29,471 -root -INFO -Lyah Oleg  Dmytrovych, 21 years old 
2023-01-09 00:21:29,471 -root -INFO -Kovtunov Maksym  Dmytrovych, 30 years old 
2023-01-09 00:21:29,471 -root -INFO -Melnuk Oleksandr  Kostyantunovych, 21 years old 
2023-01-09 00:21:29,471 -root -INFO -Topolya Taras  Petrovych, 22 years old 
2023-01-09 00:21:29,471 -root -INFO -Skrypka Oleg  Anatoliyovych, 23 years old 
2023-01-09 00:21:29,471 -root -INFO -Gorbatenko Seghiy  Romanovych, 20 years old 
2023-01-09 00:21:29,471 -root -INFO -Byt Bogdan  Bogdanovych, 24 years old 
2023-01-09 00:21:36,163 -root -INFO -Romanov Roman  Romanovych, 21 years old 
2023-01-09 00:21:36,163 -root -INFO -Lyah Oleg  Dmytrovych, 21 years old 
2023-01-09 00:21:36,163 -root -INFO -Kovtunov Maksym  Dmytrovych, 30 years old 
2023-01-09 00:21:36,163 -root -INFO -Melnuk Oleksandr  Kostyantunovych, 21 years old 
2023-01-09 00:21:36,163 -root -INFO -Topolya Taras  Petrovych, 22 years old 
2023-01-09 00:21:36,163 -root -INFO -Skrypka Oleg  Anatoliyovych, 23 years old 
2023-01-09 00:21:36,163 -root -INFO -Gorbatenko Seghiy  Romanovych, 20 years old 
2023-01-09 00:21:36,163 -root -INFO -Byt Bogdan  Bogdanovych, 24 years old 
2023-01-09 00:22:24,574 -root -INFO -Romanov Roman  Romanovych, 21 years old 
2023-01-09 00:22:24,575 -root -INFO -Lyah Oleg  Dmytrovych, 21 years old 
2023-01-09 00:22:24,575 -root -INFO -Kovtunov Maksym  Dmytrovych, 30 years old 
2023-01-09 00:22:24,575 -root -INFO -Melnuk Oleksandr  Kostyantunovych, 21 years old 
2023-01-09 00:22:24,575 -root -INFO -Topolya Taras  Petrovych, 22 years old 
2023-01-09 00:22:24,575 -root -INFO -Skrypka Oleg  Anatoliyovych, 23 years old 
2023-01-09 00:22:24,575 -root -INFO -Gorbatenko Seghiy  Romanovych, 20 years old 
2023-01-09 00:22:24,575 -root -INFO -Byt Bogdan  Bogdanovych, 24 years old 
2023-01-09 00:24:04,263 -root -INFO -Romanov Roman  Romanovych, 21 years old 
2023-01-09 00:24:04,263 -root -INFO -Lyah Oleg  Dmytrovych, 21 years old 
2023-01-09 00:24:04,263 -root -INFO -Kovtunov Maksym  Dmytrovych, 30 years old 
2023-01-09 00:24:04,263 -root -INFO -Melnuk Oleksandr  Kostyantunovych, 21 years old 
2023-01-09 00:24:04,263 -root -INFO -Topolya Taras  Petrovych, 22 years old 
2023-01-09 00:24:04,263 -root -INFO -Skrypka Oleg  Anatoliyovych, 23 years old 
2023-01-09 00:24:04,263 -root -INFO -Gorbatenko Seghiy  Romanovych, 20 years old 
2023-01-09 00:24:04,263 -root -INFO -Byt Bogdan  Bogdanovych, 24 years old 
2023-01-09 00:24:53,028 -root -INFO -Romanov Roman  Romanovych, 21 years old 
2023-01-09 00:24:53,028 -root -INFO -Lyah Oleg  Dmytrovych, 21 years old 
2023-01-09 00:24:53,028 -root -INFO -Kovtunov Maksym  Dmytrovych, 30 years old 
2023-01-09 00:24:53,028 -root -INFO -Melnuk Oleksandr  Kostyantunovych, 21 years old 
2023-01-09 00:24:53,028 -root -INFO -Topolya Taras  Petrovych, 22 years old 
2023-01-09 00:24:53,028 -root -INFO -Skrypka Oleg  Anatoliyovych, 23 years old 
2023-01-09 00:24:53,028 -root -INFO -Gorbatenko Seghiy  Romanovych, 20 years old 
2023-01-09 00:24:53,028 -root -INFO -Byt Bogdan  Bogdanovych, 24 years old 
2023-01-09 00:26:14,831 -root -INFO -Romanov Roman  Romanovych, 21 years old 
2023-01-09 00:26:14,831 -root -INFO -Lyah Oleg  Dmytrovych, 21 years old 
2023-01-09 00:26:14,831 -root -INFO -Kovtunov Maksym  Dmytrovych, 30 years old 
2023-01-09 00:26:14,831 -root -INFO -Melnuk Oleksandr  Kostyantunovych, 21 years old 
2023-01-09 00:26:14,831 -root -INFO -Topolya Taras  Petrovych, 22 years old 
2023-01-09 00:26:14,832 -root -INFO -Skrypka Oleg  Anatoliyovych, 23 years old 
2023-01-09 00:26:14,832 -root -INFO -Gorbatenko Seghiy  Romanovych, 20 years old 
2023-01-09 00:26:14,833 -root -INFO -Byt Bogdan  Bogdanovych, 24 years old 
2023-01-09 00:27:43,708 -root -INFO -Romanov Roman  Romanovych, 21 years old 
2023-01-09 00:27:43,709 -root -INFO -Lyah Oleg  Dmytrovych, 21 years old 
2023-01-09 00:27:43,709 -root -INFO -Kovtunov Maksym  Dmytrovych, 30 years old 
2023-01-09 00:27:43,709 -root -INFO -Melnuk Oleksandr  Kostyantunovych, 21 years old 
2023-01-09 00:27:43,709 -root -INFO -Topolya Taras  Petrovych, 22 years old 
2023-01-09 00:27:43,709 -root -INFO -Skrypka Oleg  Anatoliyovych, 23 years old 
2023-01-09 00:27:43,709 -root -INFO -Gorbatenko Seghiy  Romanovych, 20 years old 
2023-01-09 00:27:43,709 -root -INFO -Byt Bogdan  Bogdanovych, 24 years old 
2023-01-09 00:28:34,438 -root -INFO -Romanov Roman  Romanovych, 21 years old 
2023-01-09 00:28:34,438 -root -INFO -Lyah Oleg  Dmytrovych, 21 years old 
2023-01-09 00:28:34,438 -root -INFO -Kovtunov Maksym  Dmytrovych, 30 years old 
2023-01-09 00:28:34,438 -root -INFO -Melnuk Oleksandr  Kostyantunovych, 21 years old 
2023-01-09 00:28:34,438 -root -INFO -Topolya Taras  Petrovych, 22 years old 
2023-01-09 00:28:34,439 -root -INFO -Skrypka Oleg  Anatoliyovych, 23 years old 
2023-01-09 00:28:34,439 -root -INFO -Gorbatenko Seghiy  Romanovych, 20 years old 
2023-01-09 00:28:34,439 -root -INFO -Byt Bogdan  Bogdanovych, 24 years old 
2023-01-09 00:28:39,714 -root -INFO -Romanov Roman  Romanovych, 21 years old 
2023-01-09 00:28:39,714 -root -INFO -Lyah Oleg  Dmytrovych, 21 years old 
2023-01-09 00:28:39,714 -root -INFO -Kovtunov Maksym  Dmytrovych, 30 years old 
2023-01-09 00:28:39,714 -root -INFO -Melnuk Oleksandr  Kostyantunovych, 21 years old 
2023-01-09 00:28:39,714 -root -INFO -Topolya Taras  Petrovych, 22 years old 
2023-01-09 00:28:39,715 -root -INFO -Skrypka Oleg  Anatoliyovych, 23 years old 
2023-01-09 00:28:39,715 -root -INFO -Gorbatenko Seghiy  Romanovych, 20 years old 
2023-01-09 00:28:39,715 -root -INFO -Byt Bogdan  Bogdanovych, 24 years old 
2023-01-09 00:29:25,743 -root -INFO -Romanov Roman  Romanovych, 21 years old 
2023-01-09 00:29:25,743 -root -INFO -Lyah Oleg  Dmytrovych, 21 years old 
2023-01-09 00:29:25,743 -root -INFO -Kovtunov Maksym  Dmytrovych, 30 years old 
2023-01-09 00:29:25,743 -root -INFO -Melnuk Oleksandr  Kostyantunovych, 21 years old 
2023-01-09 00:29:25,743 -root -INFO -Topolya Taras  Petrovych, 22 years old 
2023-01-09 00:29:25,743 -root -INFO -Skrypka Oleg  Anatoliyovych, 23 years old 
2023-01-09 00:29:25,743 -root -INFO -Gorbatenko Seghiy  Romanovych, 20 years old 
2023-01-09 00:29:25,743 -root -INFO -Byt Bogdan  Bogdanovych, 24 years old 
2023-01-09 00:29:39,520 -root -INFO -Romanov Roman  Romanovych, 21 years old 
2023-01-09 00:29:39,520 -root -INFO -Lyah Oleg  Dmytrovych, 21 years old 
2023-01-09 00:29:39,520 -root -INFO -Kovtunov Maksym  Dmytrovych, 30 years old 
2023-01-09 00:29:39,520 -root -INFO -Melnuk Oleksandr  Kostyantunovych, 21 years old 
2023-01-09 00:29:39,520 -root -INFO -Topolya Taras  Petrovych, 22 years old 
2023-01-09 00:29:39,520 -root -INFO -Skrypka Oleg  Anatoliyovych, 23 years old 
2023-01-09 00:29:39,520 -root -INFO -Gorbatenko Seghiy  Romanovych, 20 years old 
2023-01-09 00:29:39,520 -root -INFO -Byt Bogdan  Bogdanovych, 24 years old 
2023-01-09 00:30:20,491 -root -INFO -Romanov Roman  Romanovych, 21 years old 
2023-01-09 00:30:20,492 -root -INFO -Lyah Oleg  Dmytrovych, 21 years old 
2023-01-09 00:30:20,492 -root -INFO -Kovtunov Maksym  Dmytrovych, 30 years old 
2023-01-09 00:30:20,492 -root -INFO -Melnuk Oleksandr  Kostyantunovych, 21 years old 
2023-01-09 00:30:20,492 -root -INFO -Topolya Taras  Petrovych, 22 years old 
2023-01-09 00:30:20,492 -root -INFO -Skrypka Oleg  Anatoliyovych, 23 years old 
2023-01-09 00:30:20,492 -root -INFO -Gorbatenko Seghiy  Romanovych, 20 years old 
2023-01-09 00:30:20,492 -root -INFO -Byt Bogdan  Bogdanovych, 24 years old 
2023-01-09 00:30:49,355 -root -INFO -Romanov Roman  Romanovych, 21 years old 
2023-01-09 00:30:49,355 -root -INFO -Lyah Oleg  Dmytrovych, 21 years old 
2023-01-09 00:30:49,355 -root -INFO -Kovtunov Maksym  Dmytrovych, 30 years old 
2023-01-09 00:30:49,355 -root -INFO -Melnuk Oleksandr  Kostyantunovych, 21 years old 
2023-01-09 00:30:49,355 -root -INFO -Topolya Taras  Petrovych, 22 years old 
2023-01-09 00:30:49,355 -root -INFO -Skrypka Oleg  Anatoliyovych, 23 years old 
2023-01-09 00:30:49,355 -root -INFO -Gorbatenko Seghiy  Romanovych, 20 years old 
2023-01-09 00:30:49,355 -root -INFO -Byt Bogdan  Bogdanovych, 24 years old 
2023-01-09 00:31:34,791 -root -INFO -Romanov Roman  Romanovych, 21 years old 
2023-01-09 00:31:34,791 -root -INFO -Lyah Oleg  Dmytrovych, 21 years old 
2023-01-09 00:31:34,791 -root -INFO -Kovtunov Maksym  Dmytrovych, 30 years old 
2023-01-09 00:31:34,791 -root -INFO -Melnuk Oleksandr  Kostyantunovych, 21 years old 
2023-01-09 00:31:34,791 -root -INFO -Topolya Taras  Petrovych, 22 years old 
2023-01-09 00:31:34,791 -root -INFO -Skrypka Oleg  Anatoliyovych, 23 years old 
2023-01-09 00:31:34,791 -root -INFO -Gorbatenko Seghiy  Romanovych, 20 years old 
2023-01-09 00:31:34,791 -root -INFO -Byt Bogdan  Bogdanovych, 24 years old 
2023-01-09 00:31:50,668 -root -INFO -Romanov Roman  Romanovych, 21 years old 
2023-01-09 00:31:50,668 -root -INFO -Lyah Oleg  Dmytrovych, 21 years old 
2023-01-09 00:31:50,668 -root -INFO -Kovtunov Maksym  Dmytrovych, 30 years old 
2023-01-09 00:31:50,668 -root -INFO -Melnuk Oleksandr  Kostyantunovych, 21 years old 
2023-01-09 00:31:50,668 -root -INFO -Topolya Taras  Petrovych, 22 years old 
2023-01-09 00:31:50,668 -root -INFO -Skrypka Oleg  Anatoliyovych, 23 years old 
2023-01-09 00:31:50,668 -root -INFO -Gorbatenko Seghiy  Romanovych, 20 years old 
2023-01-09 00:31:50,668 -root -INFO -Byt Bogdan  Bogdanovych, 24 years old 
2023-01-09 00:32:03,482 -root -INFO -Romanov Roman  Romanovych, 21 years old 
2023-01-09 00:32:03,482 -root -INFO -Lyah Oleg  Dmytrovych, 21 years old 
2023-01-09 00:32:03,482 -root -INFO -Kovtunov Maksym  Dmytrovych, 30 years old 
2023-01-09 00:32:03,482 -root -INFO -Melnuk Oleksandr  Kostyantunovych, 21 years old 
2023-01-09 00:32:03,482 -root -INFO -Topolya Taras  Petrovych, 22 years old 
2023-01-09 00:32:03,483 -root -INFO -Skrypka Oleg  Anatoliyovych, 23 years old 
2023-01-09 00:32:03,483 -root -INFO -Gorbatenko Seghiy  Romanovych, 20 years old 
2023-01-09 00:32:03,483 -root -INFO -Byt Bogdan  Bogdanovych, 24 years old 
2023-01-09 00:32:34,654 -root -INFO -Romanov Roman  Romanovych, 21 years old 
2023-01-09 00:32:34,654 -root -INFO -Lyah Oleg  Dmytrovych, 21 years old 
2023-01-09 00:32:34,654 -root -INFO -Kovtunov Maksym  Dmytrovych, 30 years old 
2023-01-09 00:32:34,654 -root -INFO -Melnuk Oleksandr  Kostyantunovych, 21 years old 
2023-01-09 00:32:34,654 -root -INFO -Topolya Taras  Petrovych, 22 years old 
2023-01-09 00:32:34,654 -root -INFO -Skrypka Oleg  Anatoliyovych, 23 years old 
2023-01-09 00:32:34,654 -root -INFO -Gorbatenko Seghiy  Romanovych, 20 years old 
2023-01-09 00:32:34,654 -root -INFO -Byt Bogdan  Bogdanovych, 24 years old 
2023-01-09 00:32:56,665 -root -INFO -Romanov Roman  Romanovych, 21 years old 
2023-01-09 00:32:56,665 -root -INFO -Lyah Oleg  Dmytrovych, 21 years old 
2023-01-09 00:32:56,665 -root -INFO -Kovtunov Maksym  Dmytrovych, 30 years old 
2023-01-09 00:32:56,665 -root -INFO -Melnuk Oleksandr  Kostyantunovych, 21 years old 
2023-01-09 00:32:56,665 -root -INFO -Topolya Taras  Petrovych, 22 years old 
2023-01-09 00:32:56,665 -root -INFO -Skrypka Oleg  Anatoliyovych, 23 years old 
2023-01-09 00:32:56,665 -root -INFO -Gorbatenko Seghiy  Romanovych, 20 years old 
2023-01-09 00:32:56,665 -root -INFO -Byt Bogdan  Bogdanovych, 24 years old 
2023-01-09 00:33:45,124 -root -INFO -Romanov Roman  Romanovych, 21 years old 
2023-01-09 00:33:45,124 -root -INFO -Lyah Oleg  Dmytrovych, 21 years old 
2023-01-09 00:33:45,124 -root -INFO -Kovtunov Maksym  Dmytrovych, 30 years old 
2023-01-09 00:33:45,124 -root -INFO -Melnuk Oleksandr  Kostyantunovych, 21 years old 
2023-01-09 00:33:45,124 -root -INFO -Topolya Taras  Petrovych, 22 years old 
2023-01-09 00:33:45,124 -root -INFO -Skrypka Oleg  Anatoliyovych, 23 years old 
2023-01-09 00:33:45,124 -root -INFO -Gorbatenko Seghiy  Romanovych, 20 years old 
2023-01-09 00:33:45,124 -root -INFO -Byt Bogdan  Bogdanovych, 24 years old 
2023-01-09 00:34:07,129 -root -INFO -Romanov Roman  Romanovych, 21 years old 
2023-01-09 00:34:07,129 -root -INFO -Lyah Oleg  Dmytrovych, 21 years old 
2023-01-09 00:34:07,130 -root -INFO -Kovtunov Maksym  Dmytrovych, 30 years old 
2023-01-09 00:34:07,130 -root -INFO -Melnuk Oleksandr  Kostyantunovych, 21 years old 
2023-01-09 00:34:07,130 -root -INFO -Topolya Taras  Petrovych, 22 years old 
2023-01-09 00:34:07,130 -root -INFO -Skrypka Oleg  Anatoliyovych, 23 years old 
2023-01-09 00:34:07,130 -root -INFO -Gorbatenko Seghiy  Romanovych, 20 years old 
2023-01-09 00:34:07,130 -root -INFO -Byt Bogdan  Bogdanovych, 24 years old 
2023-01-09 16:43:02,329 -root -INFO -Romanov Roman  Romanovych, 21 years old 
2023-01-09 16:43:02,330 -root -INFO -Lyah Oleg  Dmytrovych, 21 years old 
2023-01-09 16:43:02,330 -root -INFO -Kovtunov Maksym  Dmytrovych, 30 years old 
2023-01-09 16:43:02,330 -root -INFO -Melnuk Oleksandr  Kostyantunovych, 21 years old 
2023-01-09 16:43:02,330 -root -INFO -Topolya Taras  Petrovych, 22 years old 
2023-01-09 16:43:02,330 -root -INFO -Skrypka Oleg  Anatoliyovych, 23 years old 
2023-01-09 16:43:02,330 -root -INFO -Gorbatenko Seghiy  Romanovych, 20 years old 
2023-01-09 16:43:02,330 -root -INFO -Byt Bogdan  Bogdanovych, 24 years old 
